model id 0
0 15
1 18
2 24
history 2000400, better? 1
model id 0
0 7
1 11
2 32
history ccb2d334, better? 1
model id 0
0 2
1 6
2 51
history 34b3554c, better? 1
model id 0
0 9
1 28
2 58
history 60000000, better? 1
model id 0
0 2
1 6
2 62
history e9e6bedb, better? 1
model id 0
0 2
1 4
2 36
history 6638e659, better? 1
model id 0
0 2
1 4
2 30
history 79e79e79, better? 1
model id 0
0 2
1 3
2 28
history cf3cf3c1, better? 1
model id 0
0 2
1 6
2 56
history df6bf5ea, better? 1
model id 0
0 4
1 0
2 3
history ef8f7f8e, better? 1
model id 0
0 2
1 4
2 38
history 343dddf0, better? 1
model id 0
0 2
1 4
2 40
history f9f1e01f, better? 1
model id 0
0 0
1 0
2 15
history fbefefc2, better? 1
model id 0
0 2
1 3
2 35
history a37bfdf7, better? 1
model id 0
0 3
1 0
2 4
history cfeaffe3, better? 1
model id 0
0 4
1 0
2 1
history e7ffbbde, better? 0
model id 0
0 2
1 2
2 25
history fcfbfdf3, better? 1
model id 0
0 2
1 4
2 41
history 8f40f83d, better? 1
model id 0
0 2
1 4
2 41
history 317a5895, better? 1
model id 0
0 2
1 4
2 44
history fcff375d, better? 1
model id 0
0 3
1 6
2 43
history fdedfdef, better? 1
model id 0
0 2
1 5
2 51
history d7febc3f, better? 1
model id 0
0 4
1 0
2 1
history 3e10ab7e, better? 1
model id 0
0 2
1 0
2 3
history e6e399cf, better? 1
model id 0
0 4
1 0
2 1
history d7fa7ff6, better? 1
model id 0
0 2
1 0
2 2
history 9ffdf1e, better? 1
model id 0
0 2
1 0
2 7
history 2dfdf, better? 1
model id 0
0 4
1 6
2 33
history e1f9bd3f, better? 1
model id 0
0 2
1 3
2 28
history fbee7f80, better? 1
model id 0
0 2
1 5
2 53
history 38f87af, better? 1
model id 0
0 2
1 3
2 31
history efcf7fb3, better? 1
model id 0
0 2
1 4
2 43
history bc0fe679, better? 1
model id 0
0 2
1 1
2 8
history f99976e9, better? 1
model id 0
0 2
1 6
2 59
history dfd6b5a3, better? 1
model id 0
0 3
1 0
2 4
history 976a5d75, better? 1
model id 0
0 2
1 0
2 3
history 9bff7ebe, better? 1
model id 0
0 19
1 39
2 41
history 27be273d, better? 1
model id 0
0 2
1 6
2 58
history e39ab7fb, better? 1
model id 0
0 2
1 2
2 22
history e3fe3fe3, better? 1
model id 0
0 2
1 0
2 7
history e7fcbf7b, better? 1
model id 0
0 2
1 1
2 14
history bffcf6ff, better? 1
model id 0
0 4
1 0
2 3
history 67f3f9fc, better? 1
model id 0
0 78
1 7
2 2
history bee7ebbf, better? 1
model id 0
0 2
1 4
2 41
history 7b7c2ada, better? 1
model id 0
0 2
1 4
2 38
history caaf0b4d, better? 1
model id 0
0 2
1 1
2 10
history 80bb93dc, better? 1
model id 0
0 2
1 0
2 7
history ca7f3bf5, better? 1
model id 0
0 2
1 0
2 3
history afbfef67, better? 1
model id 0
0 4
1 0
2 2
history 1cf7b7ba, better? 1
model id 0
0 2
1 1
2 14
history b7effe3f, better? 1
model id 0
0 2
1 3
2 30
history 1feff8fd, better? 1
model id 0
0 4
1 1
2 5
history 323cf8bf, better? 1
model id 0
0 2
1 2
2 15
history 340c0b40, better? 1
model id 0
0 2
1 1
2 13
history 3ae03af1, better? 1
model id 0
0 2
1 6
2 61
history ee777777, better? 1
model id 0
0 2
1 5
2 52
history c0367cbf, better? 1
model id 0
0 2
1 3
2 29
history f7fd3bbf, better? 1
model id 0
0 4
1 0
2 3
history 4d9f9efb, better? 1
model id 0
0 4
1 0
2 2
history c837c437, better? 1
model id 0
0 4
1 0
2 2
history 162c3d14, better? 1
model id 0
0 2
1 1
2 16
history bcec7c17, better? 1
model id 0
0 2
1 0
2 7
history fa17f611, better? 1
model id 0
0 2
1 0
2 3
history d3ebc1fc, better? 1
model id 0
0 2
1 1
2 16
history b35bcce1, better? 1
model id 0
0 2
1 0
2 3
history 71f9cba, better? 1
model id 0
0 2
1 3
2 29
history ef5df5ed, better? 1
model id 0
0 4
1 0
2 3
history dfdafebe, better? 1
model id 0
0 2
1 5
2 49
history f558be07, better? 1
model id 0
0 4
1 0
2 2
history 5d2e1e8a, better? 1
model id 0
0 2
1 1
2 15
history f5e7edf7, better? 1
model id 0
0 2
1 3
2 26
history 3fc3f0fc, better? 1
model id 0
0 3
1 0
2 4
history 6db3759e, better? 1
model id 0
0 2
1 2
2 22
history 80bf5501, better? 1
model id 0
0 2
1 4
2 33
history 157110e4, better? 1
model id 0
0 2
1 6
2 55
history 6987c3a3, better? 1
model id 0
0 2
1 5
2 48
history 62b388df, better? 1
model id 0
0 2
1 1
2 7
history ee8af82, better? 1
model id 0
0 2
1 3
2 33
history f4fff1fd, better? 1
model id 0
0 4
1 0
2 2
history 97a8f176, better? 1
model id 0
0 0
1 1
2 0
history f1e0c345, better? 1
model id 0
0 0
1 0
2 5
history fffffffe, better? 0
model id 0
0 4
1 10
2 51
history ba7fc17e, better? 1
model id 0
0 4
1 0
2 1
history efff4cfc, better? 1
model id 0
0 0
1 0
2 0
history ff3ff9ff, better? 1
model id 0
0 4
1 21
2 105
history 0, better? 0
model id 0
0 4
1 14
2 72
history 40000000, better? 1
model id 0
0 5
1 11
2 40
history 0, better? 1
model id 0
0 4
1 6
2 32
history 0, better? 1
model id 0
0 4
1 4
2 21
history 420a00, better? 1
model id 0
0 2
1 6
2 56
history 55199999, better? 1
model id 0
0 0
1 4
2 0
history 30000000, better? 1
model id 0
0 2
1 6
2 55
history 0, better? 1
model id 0
0 2
1 6
2 54
history 0, better? 1
model id 0
0 6
1 20
2 61
history 0, better? 1
model id 0
0 0
1 8
2 0
history 0, better? 1
model id 0
0 4
1 6
2 47
history 80000, better? 1
model id 0
0 2
1 20
2 47
history 0, better? 1
model id 0
0 4
1 3
2 16
history 0, better? 1
model id 0
0 2
1 6
2 45
history 0, better? 1
model id 0
0 42
1 8
2 4
history 0, better? 1
model id 0
0 2
1 5
2 43
history 20000000, better? 1
model id 0
0 2
1 5
2 39
history 8, better? 1
model id 0
0 3
1 5
2 36
history 0, better? 1
model id 0
0 2
1 4
2 36
history 0, better? 1
model id 0
0 4
1 2
2 10
history 71186186, better? 1
model id 0
0 4
1 2
2 10
history 0, better? 1
model id 0
0 4
1 1
2 9
history 10000100, better? 1
model id 0
0 0
1 1
2 0
history 0, better? 1
model id 0
0 21
1 3
2 3
history 0, better? 1
model id 0
0 484
1 24
2 1
history 0, better? 1
model id 0
0 2
1 3
2 31
history 400000, better? 1
model id 0
0 0
1 1
2 27
history 4000, better? 1
model id 0
0 0
1 0
2 0
history 1, better? 1
model id 0
0 4
1 0
2 3
history 0, better? 1
model id 0
0 2
1 0
2 3
history 0, better? 1
model id 0
0 4
1 0
2 3
history 3004000, better? 1
model id 0
0 2
1 2
2 21
history 0, better? 1
model id 0
0 4
1 0
2 2
history 200000, better? 0
model id 0
0 4
1 0
2 3
history 0, better? 1
model id 0
0 4
1 0
2 4
history 800000, better? 1
model id 0
0 0
1 0
2 0
history c01, better? 1
model id 0
0 42
1 19
2 9
history 0, better? 1
model id 0
0 2
1 5
2 52
history 1, better? 1
model id 0
0 2
1 3
2 32
history 0, better? 1
model id 0
0 2
1 5
2 47
history c0000000, better? 1
model id 0
0 13
1 9
2 13
history 80000, better? 1
model id 0
0 0
1 8
2 0
history 0, better? 1
model id 0
0 2
1 1
2 11
history 0, better? 1
model id 0
0 4
1 0
2 1
history 0, better? 1
model id 0
0 2
1 0
2 3
history 0, better? 1
model id 0
0 4
1 0
2 1
history 1f, better? 1
model id 0
0 4
1 0
2 1
history 0, better? 1
model id 0
0 2
1 4
2 36
history 54000000, better? 1
model id 0
0 2
1 2
2 18
history 0, better? 1
model id 0
0 4
1 0
2 1
history 0, better? 1
model id 0
0 4
1 0
2 1
history 0, better? 1
model id 0
0 2
1 0
2 7
history 0, better? 1
model id 0
0 2
1 3
2 31
history 0, better? 1
model id 0
0 0
1 0
2 0
history 99d001, better? 1
model id 0
0 1
1 0
2 8
history 81401040, better? 0
model id 0
0 2
1 6
2 63
history 0, better? 1
model id 0
0 4
1 0
2 1
history 80000000, better? 1
model id 0
0 4
1 0
2 1
history 0, better? 1
model id 0
0 3
1 7
2 40
history 0, better? 1
model id 0
0 2
1 2
2 19
history 210000, better? 1
model id 0
0 2
1 1
2 35
history 0, better? 1
model id 0
0 2
1 2
2 18
history 0, better? 1
model id 0
0 166
1 16
2 2
history 0, better? 1
model id 0
0 168
1 8
2 1
history 0, better? 0
model id 0
0 2
1 1
2 13
history 0, better? 1
model id 0
0 2
1 3
2 32
history 0, better? 1
model id 0
0 2
1 2
2 15
history 0, better? 1
model id 0
0 2
1 6
2 63
history 0, better? 1
model id 0
0 2
1 1
2 13
history 0, better? 1
model id 0
0 4
1 1
2 5
history 0, better? 1
model id 0
0 2
1 4
2 35
history 0, better? 1
model id 0
0 24
1 34
2 28
history 0, better? 0
model id 0
0 2
1 2
2 19
history 0, better? 1
model id 0
0 2
1 0
2 3
history 2, better? 1
model id 0
0 2
1 0
2 3
history 1800002, better? 1
model id 0
0 3
1 0
2 4
history 8d200018, better? 1
model id 0
0 0
1 0
2 0
history 1, better? 0
model id 0
0 4
1 12
2 56
history 6240ff80, better? 1
model id 0
0 2
1 1
2 8
history ffe00214, better? 1
model id 0
0 2
1 2
2 25
history 2fcd0080, better? 1
model id 0
0 22
1 12
2 11
history 6c001f44, better? 1
model id 0
0 2
1 4
2 42
history 1abc0, better? 1
model id 0
0 6
1 13
2 41
history 40501081, better? 1
model id 0
0 3
1 0
2 5
history 116f01f0, better? 1
model id 0
0 0
1 0
2 9
history 13fcffb, better? 1
model id 0
0 0
1 0
2 0
history 7e07cbfb, better? 1
model id 0
0 80
1 188
2 47
history 5dffffe, better? 1
model id 0
0 4
1 0
2 3
history fffbef76, better? 1
model id 0
0 2
1 5
2 52
history 3520300, better? 1
model id 0
0 67
1 30
2 9
history 3f90000a, better? 1
model id 0
0 24
1 35
2 29
history 10382f0, better? 1
model id 0
0 4
1 1
2 9
history f00c1988, better? 1
model id 0
0 3
1 14
2 92
history 90003866, better? 1
model id 0
0 4
1 0
2 1
history 240003d, better? 1
model id 0
0 2
1 3
2 33
history 286, better? 1
model id 0
0 3
1 4
2 24
history 1c2, better? 1
model id 0
0 60
1 3
2 1
history 2503c0, better? 1
model id 0
0 0
1 0
2 0
history 600001, better? 1
model id 0
0 5
1 16
2 57
history 11, better? 1
model id 0
0 4
1 0
2 1
history 400004, better? 1
model id 0
0 2
1 2
2 23
history 138aa5, better? 1
model id 0
0 68
1 3
2 1
history 3906, better? 1
model id 0
0 0
1 1
2 0
history a14038f, better? 1
model id 0
0 46
1 7
2 3
history 1, better? 1
model id 0
0 103
1 150
2 29
history 5046a245, better? 1
model id 0
0 4
1 0
2 1
history 180c8, better? 1
model id 0
0 0
1 0
2 0
history 40001, better? 0
model id 0
0 2
1 5
2 45
history c, better? 1
model id 0
0 0
1 3
2 0
history 60011980, better? 1
model id 0
0 0
1 1
2 0
history 100008c2, better? 1
model id 0
0 2
1 3
2 23
history 90001d4, better? 1
model id 0
0 4
1 0
2 3
history 100000f0, better? 1
model id 0
0 1
1 1
2 24
history 3c0e9, better? 1
model id 0
0 2
1 6
2 50
history 2000094, better? 1
model id 0
0 0
1 1
2 0
history 3, better? 1
model id 0
0 2
1 6
2 58
history 8005018, better? 1
model id 0
0 2
1 0
2 5
history 10002d0, better? 1
model id 0
0 0
1 6
2 0
history 2ac80001, better? 1
model id 0
0 0
1 1
2 0
history c0006269, better? 1
model id 0
0 0
1 3
2 0
history c, better? 1
model id 0
0 2
1 1
2 8
history 80050404, better? 1
model id 0
0 1
1 4
2 52
history 63, better? 1
model id 0
0 4
1 3
2 18
history 80a2, better? 1
model id 0
0 20
1 1
2 1
history 3c, better? 1
model id 0
0 0
1 0
2 0
history 40005005, better? 1
model id 0
0 2
1 6
2 48
history 36420002, better? 1
model id 0
0 1
1 1
2 25
history 68, better? 1
model id 0
0 0
1 0
2 0
history 240003, better? 1
model id 0
0 4
1 0
2 2
history c2003, better? 1
model id 0
0 2
1 0
2 4
history 80c018, better? 1
model id 0
0 0
1 0
2 0
history 1080c001, better? 1
model id 0
0 26
1 22
2 17
history 2fe0c2e0, better? 1
model id 0
0 0
1 0
2 0
history 10c02003, better? 1
model id 0
0 2
1 6
2 55
history 12, better? 1
model id 0
0 3
1 4
2 21
history f, better? 1
model id 0
0 0
1 0
2 0
history c000820b, better? 1
model id 0
0 0
1 0
2 32
history 10811, better? 1
model id 0
0 3
1 1
2 9
history 93348f32, better? 1
model id 0
0 4
1 1
2 6
history 5101ff, better? 1
model id 0
0 3
1 4
2 23
history 7002001, better? 1
model id 0
0 0
1 3
2 0
history 1066f170, better? 1
model id 0
0 0
1 0
2 0
history 1120215, better? 1
model id 0
0 0
1 2
2 0
history 1fbf0000, better? 1
model id 0
0 2
1 2
2 22
history 808d3002, better? 1
model id 0
0 2
1 1
2 9
history c008164, better? 1
model id 0
0 4
1 0
2 1
history 140927, better? 1
model id 0
0 0
1 0
2 0
history e00002a9, better? 1
model id 0
0 2
1 5
2 47
history 1fc, better? 1
model id 0
0 1
1 0
2 5
history 9f3f1fff, better? 1
model id 0
0 3
1 6
2 35
history 32a00014, better? 1
model id 0
0 3
1 5
2 34
history 400058, better? 1
model id 0
0 0
1 0
2 0
history 1000a406, better? 1
model id 0
0 2
1 0
2 6
history 3e, better? 1
model id 0
0 2
1 4
2 34
history 28000383, better? 1
model id 0
0 42
1 38
2 18
history 10038, better? 1
model id 0
0 21
1 28
2 27
history 802581f8, better? 1
model id 0
0 414
1 41
2 2
history 33900022, better? 1
model id 0
0 12
1 29
2 47
history 1a0001, better? 1
model id 0
0 0
1 0
2 0
history 64c05c, better? 1
model id 0
0 2
1 1
2 11
history 140012, better? 1
model id 0
0 2
1 1
2 8
history 4, better? 1
model id 0
0 1
1 1
2 22
history 168532c9, better? 1
model id 0
0 53
1 10
2 4
history 6, better? 1
model id 0
0 6
1 0
2 2
history fc000811, better? 1
model id 0
0 8
1 4
2 10
history 245fe000, better? 1
model id 0
0 2
1 2
2 15
history 4b000063, better? 1
model id 0
0 2
1 11
2 74
history 3, better? 1
model id 0
0 0
1 0
2 0
history 4, better? 1
model id 0
0 2
1 5
2 35
history 6009c054, better? 1
model id 0
0 2
1 6
2 63
history 8000000c, better? 1
model id 0
0 10
1 15
2 30
history 3420005c, better? 1
model id 0
0 2
1 4
2 34
history 4500012, better? 1
model id 0
0 0
1 0
2 0
history c148016, better? 1
model id 0
0 0
1 0
2 0
history 180002, better? 1
model id 0
0 2
1 1
2 9
history 9, better? 1
model id 0
0 7
1 12
2 34
history 10040c17, better? 1
model id 0
0 70
1 10
2 3
history 60120151, better? 1
model id 0
0 3
1 6
2 41
history a00001c6, better? 1
model id 0
0 8
1 0
2 1
history 1a400014, better? 1
model id 0
0 4
1 2
2 11
history 7c, better? 1
model id 0
0 26
1 18
2 14
history 28ee20, better? 1
model id 0
0 52
1 2
2 1
history 140005b0, better? 1
model id 0
0 50
1 7
2 3
history aeadb12, better? 1
model id 0
0 8
1 0
2 1
history 5e000012, better? 1
model id 0
0 2
1 5
2 39
history 584002c8, better? 1
model id 0
0 68
1 23
2 7
history 3, better? 1
model id 0
0 0
1 0
2 0
history 69d81c0, better? 1
model id 0
0 38
1 15
2 8
history 10004e, better? 1
model id 0
0 2
1 5
2 54
history c, better? 1
model id 0
0 2
1 2
2 23
history 4940200e, better? 1
model id 0
0 0
1 0
2 0
history 1, better? 1
model id 0
0 4
1 1
2 8
history 7, better? 1
model id 0
0 2
1 0
2 3
history 44081, better? 1
model id 0
0 4
1 2
2 10
history 5c0017e, better? 1
model id 0
0 36
1 1
2 1
history 61c00002, better? 1
model id 0
0 220
1 11
2 1
history 8000c032, better? 1
model id 0
0 0
1 0
2 0
history 5003, better? 1
model id 0
0 4
1 0
2 4
history 1, better? 1
model id 0
0 2
1 0
2 1
history 2402a001, better? 1
model id 0
0 4
1 0
2 1
history 1ec10804, better? 1
model id 0
0 15
1 13
2 17
history 2126d64c, better? 1
model id 0
0 7
1 7
2 20
history 100002, better? 1
model id 0
0 2
1 1
2 8
history 408020d8, better? 1
model id 0
0 2
1 3
2 32
history 2026001, better? 1
model id 0
0 2
1 5
2 55
history 80411102, better? 1
model id 0
0 2
1 3
2 22
history 2, better? 1
model id 0
0 26
1 2
2 2
history 43000204, better? 1
model id 0
0 2
1 5
2 48
history 181041, better? 1
model id 0
0 20
1 21
2 21
history 2a140002, better? 1
model id 0
0 2
1 3
2 33
history 1, better? 1
model id 0
0 3
1 0
2 4
history 80108021, better? 1
model id 0
0 4
1 0
2 3
history 11dde, better? 1
model id 0
0 2
1 0
2 3
history 81050015, better? 1
model id 0
0 3
1 0
2 4
history 1a, better? 1
model id 0
0 0
1 0
2 0
history 1, better? 0
model id 0
0 4
1 0
2 1
history 800003, better? 1
model id 0
0 1
1 4
2 47
history 83a0, better? 1
model id 0
0 2
1 1
2 11
history c5d8, better? 1
model id 0
0 0
1 0
2 0
history c0b0800c, better? 1
model id 0
0 4
1 0
2 1
history 80b60001, better? 1
model id 0
0 1
1 2
2 27
history 2090003, better? 1
model id 0
0 2
1 6
2 49
history 100014e8, better? 1
model id 0
0 11
1 11
2 19
history 2020213, better? 1
model id 0
0 2
1 2
2 24
history 20008000, better? 1
model id 0
0 101
1 91
2 18
history 9002a003, better? 1
model id 0
0 0
1 0
2 0
history 57c80911, better? 1
model id 0
0 0
1 0
2 0
history 1901709, better? 1
model id 0
0 4
1 0
2 1
history a180016, better? 1
model id 0
0 2
1 4
2 45
history 81000a, better? 1
model id 0
0 0
1 2
2 0
history 19a8116, better? 1
model id 0
0 2
1 4
2 33
history 18000ff4, better? 1
model id 0
0 0
1 0
2 0
history 300007b, better? 1
model id 0
0 0
1 1
2 0
history c04003, better? 1
model id 0
0 2
1 0
2 7
history 8800198, better? 1
model id 0
0 2
1 2
2 21
history 202, better? 1
model id 0
0 5
1 5
2 19
history 801ac614, better? 1
model id 0
0 2
1 3
2 36
history 90020c, better? 1
model id 0
0 0
1 0
2 0
history 9fa900ce, better? 1
model id 0
0 4
1 6
2 33
history 400075a1, better? 1
model id 0
0 2
1 4
2 41
history 8440402, better? 1
model id 0
0 43
1 90
2 42
history 5b000001, better? 1
model id 0
0 2
1 2
2 21
history e8020fc0, better? 1
model id 0
0 2
1 2
2 22
history 2000001, better? 0
model id 0
0 2
1 6
2 53
history 1082504, better? 1
model id 0
0 0
1 2
2 0
history af7023, better? 1
model id 0
0 2
1 0
2 6
history 60015007, better? 1
model id 0
0 0
1 0
2 26
history 328204, better? 1
model id 0
0 0
1 1
2 0
history 61dad920, better? 1
model id 0
0 0
1 1
2 0
history 20013b, better? 1
model id 0
0 0
1 0
2 17
history 103, better? 1
model id 0
0 3
1 0
2 4
history 8003020c, better? 1
model id 0
0 5
1 2
2 8
history 8000c257, better? 1
model id 0
0 2
1 5
2 49
history 4801ba, better? 1
model id 0
0 2
1 5
2 41
history 40018, better? 1
model id 0
0 0
1 1
2 0
history 100c003f, better? 1
model id 0
0 2
1 5
2 48
history e01200c, better? 1
model id 0
0 2
1 2
2 20
history eb43740, better? 1
model id 0
0 0
1 0
2 14
history 1, better? 1
model id 0
0 2
1 2
2 16
history 2015c822, better? 1
model id 0
0 2
1 6
2 56
history 40000054, better? 1
model id 0
0 160
1 233
2 29
history 31100018, better? 1
model id 0
0 2
1 1
2 14
history 18040222, better? 1
model id 0
0 2
1 5
2 55
history 7f870040, better? 1
model id 0
0 2
1 6
2 54
history 19e4, better? 1
model id 0
0 3
1 6
2 37
history 8a, better? 1
model id 0
0 32
1 1
2 1
history 4004001c, better? 1
model id 0
0 3
1 2
2 14
history e000288, better? 1
model id 0
0 5
1 12
2 43
history 940c02, better? 1
model id 0
0 5
1 5
2 23
history c00000b6, better? 1
model id 0
0 0
1 0
2 0
history a83, better? 1
model id 0
0 4
1 2
2 12
history f0, better? 1
model id 0
0 0
1 1
2 0
history 84104046, better? 1
model id 0
0 2
1 1
2 8
history 70000019, better? 1
model id 0
0 7
1 2
2 6
history 2000ff, better? 1
model id 0
0 4
1 1
2 7
history 2, better? 1
model id 0
0 2
1 4
2 40
history fe300120, better? 1
model id 0
0 2
1 1
2 8
history 51004884, better? 1
model id 0
0 0
1 0
2 0
history 4000000f, better? 1
model id 0
0 4
1 9
2 41
history 3f7fa0, better? 1
model id 0
0 2
1 3
2 32
history 40402902, better? 1
model id 0
0 3
1 1
2 8
history 9405, better? 1
model id 0
0 63
1 28
2 9
history 22800d, better? 0
model id 0
0 4
1 6
2 32
history 8002a2b, better? 1
model id 0
0 4
1 6
2 28
history 64a40084, better? 1
model id 0
0 0
1 0
2 0
history 800222b, better? 1
model id 0
0 2
1 1
2 13
history 200011c, better? 1
model id 0
0 2
1 4
2 39
history de010088, better? 1
model id 0
0 37
1 5
2 3
history 2b0, better? 1
model id 0
0 4
1 0
2 2
history 400b4, better? 1
model id 0
0 2
1 4
2 42
history a006006, better? 1
model id 0
0 4
1 0
2 1
history 480ae50b, better? 1
model id 0
0 2
1 2
2 25
history 28011081, better? 1
model id 0
0 0
1 0
2 0
history 30049018, better? 1
model id 0
0 0
1 0
2 0
history 2804, better? 1
model id 0
0 0
1 0
2 0
history 204111, better? 1
model id 0
0 2
1 2
2 20
history 80030002, better? 1
model id 0
0 5
1 0
2 6
history 200001, better? 1
model id 0
0 4
1 0
2 3
history c, better? 1
model id 0
0 0
1 0
2 0
history 40601, better? 1
model id 0
0 2
1 4
2 40
history 8009102, better? 1
model id 0
0 2
1 0
2 5
history cf600, better? 1
model id 0
0 0
1 0
2 0
history 450621, better? 1
model id 0
0 4
1 0
2 1
history 2201, better? 1
model id 0
0 5
1 2
2 10
history e00200c, better? 1
model id 0
0 140
1 7
2 1
history 617, better? 0
model id 0
0 0
1 1
2 0
history 12080328, better? 1
model id 0
0 2
1 5
2 47
history 4014018, better? 1
model id 0
0 6
1 1
2 3
history 7fe6, better? 1
model id 0
0 2
1 0
2 3
history 82000504, better? 1
model id 0
0 3
1 5
2 1
history fb7490, better? 1
model id 0
0 10
1 1
2 2
history 50ad5, better? 1
model id 0
0 2
1 3
2 26
history 3800032, better? 1
model id 0
0 3
1 0
2 4
history 3ed90030, better? 1
model id 0
0 32
1 14
2 9
history c891d0, better? 1
model id 0
0 4
1 2
2 24
history c014, better? 1
model id 0
0 4
1 0
2 1
history 5cc012, better? 1
model id 0
0 1
1 4
2 54
history 14081004, better? 1
model id 0
0 2
1 5
2 35
history 42030081, better? 1
model id 0
0 48
1 2
2 1
history 4000249, better? 1
model id 0
0 0
1 3
2 0
history 785, better? 1
model id 0
0 4
1 0
2 1
history 501001, better? 1
model id 0
0 2
1 1
2 8
history a8233185, better? 1
model id 0
0 4
1 0
2 1
history 40090021, better? 1
model id 0
0 2
1 6
2 61
history 2000006, better? 1
model id 0
0 24
1 13
2 11
history e6023080, better? 1
model id 0
0 2
1 6
2 63
history c12001, better? 1
model id 0
0 2
1 1
2 10
history 18100605, better? 1
model id 0
0 3
1 0
2 4
history 21001, better? 0
model id 0
0 2
1 2
2 22
history 8000610c, better? 1
model id 0
0 0
1 0
2 1
history 85, better? 1
model id 0
0 2
1 5
2 50
history f081, better? 1
model id 0
0 2
1 0
2 7
history 200c0018, better? 1
model id 0
0 2
1 0
2 6
history d000a801, better? 1
model id 0
0 3
1 0
2 4
history 5aee2018, better? 1
model id 0
0 2
1 5
2 39
history 8010a094, better? 1
model id 0
0 0
1 40
2 0
history 2a27f80, better? 1
model id 0
0 14
1 1
2 2
history 1, better? 1
model id 0
0 0
1 1
2 0
history 6130002a, better? 1
model id 0
0 4
1 0
2 1
history a00001, better? 0
model id 0
0 3
1 5
2 27
history 2418081a, better? 1
model id 0
0 10
1 25
2 47
history 32000001, better? 0
model id 0
0 2
1 0
2 3
history d4fe8204, better? 1
model id 0
0 4
1 0
2 2
history 82b680, better? 1
model id 0
0 3
1 5
2 38
history 2, better? 1
model id 0
0 3
1 6
2 39
history 249d2481, better? 1
model id 0
0 0
1 1
2 0
history 9000c022, better? 1
model id 0
0 0
1 0
2 0
history 505822, better? 1
model id 0
0 8
1 1
2 3
history 2d808042, better? 1
model id 0
0 1
1 5
2 55
history 240a049b, better? 1
model id 0
0 4
1 0
2 1
history 400801, better? 1
model id 0
0 2
1 4
2 40
history 2, better? 1
model id 0
0 2
1 4
2 41
history 404005, better? 1
model id 0
0 3
1 5
2 34
history 9000003, better? 1
model id 0
0 1
1 7
2 75
history 3d, better? 1
model id 0
0 2
1 3
2 26
history 9, better? 1
model id 0
0 2
1 3
2 34
history 4d0042, better? 1
model id 0
0 52
1 2
2 1
history 4300009b, better? 1
model id 0
0 4
1 4
2 46
history 105009, better? 1
model id 0
0 3
1 5
2 35
history 824004ae, better? 1
model id 0
0 4
1 12
2 52
history 79403403, better? 1
model id 0
0 2
1 0
2 3
history 100c005c, better? 1
model id 0
0 2
1 1
2 9
history 414003d, better? 1
model id 0
0 2
1 4
2 41
history 6048001c, better? 1
model id 0
0 2
1 6
2 59
history 3404042, better? 1
model id 0
0 28
1 2
2 2
history 7, better? 1
model id 0
0 2
1 6
2 48
history 1439a0, better? 1
model id 0
0 0
1 0
2 0
history c0002081, better? 1
model id 0
0 2
1 4
2 35
history 8210042, better? 1
model id 0
0 2
1 1
2 8
history 4020509, better? 0
model id 0
0 2
1 2
2 22
history 40a00826, better? 1
model id 0
0 2
1 6
2 57
history 5d0004de, better? 1
model id 0
0 0
1 0
2 0
history 40000203, better? 1
model id 0
0 4
1 0
2 1
history 43080018, better? 1
model id 0
0 2
1 2
2 23
history 2e000021, better? 1
model id 0
0 219
1 230
2 21
history 1290040c, better? 1
model id 0
0 0
1 0
2 0
history e000019, better? 1
model id 0
0 47
1 0
2 0
history 1002203, better? 1
model id 0
0 3
1 0
2 4
history b001, better? 1
model id 0
0 0
1 1
2 22
history e0005404, better? 1
model id 0
0 0
1 0
2 0
history 8a19104, better? 1
model id 0
0 2
1 5
2 49
history 80410018, better? 1
model id 0
0 3
1 0
2 4
history a09842d0, better? 1
model id 0
0 1
1 4
2 42
history 6, better? 1
model id 0
0 7
1 2
2 6
history f73d3000, better? 1
model id 0
0 0
1 1
2 0
history 90a5001b, better? 1
model id 0
0 4
1 0
2 2
history 7e001, better? 1
model id 0
0 9
1 33
2 70
history 30408804, better? 1
model id 0
0 574
1 459
2 16
history 890006f8, better? 1
model id 0
0 2
1 4
2 40
history 10900050, better? 1
model id 0
0 3
1 13
2 86
history 78004e0, better? 1
model id 0
0 2
1 3
2 34
history 40d464, better? 0
model id 0
0 0
1 0
2 0
history 630001, better? 1
model id 0
0 2
1 5
2 38
history 40050002, better? 1
model id 0
0 2
1 3
2 31
history 16, better? 1
model id 0
0 3
1 0
2 4
history 2032013, better? 1
model id 0
0 2
1 2
2 18
history adbb280, better? 1
model id 0
0 4
1 12
2 61
history 5a49, better? 1
model id 0
0 0
1 0
2 0
history e0000003, better? 1
model id 0
0 30
1 98
2 21
history 78000007, better? 1
model id 0
0 4
1 0
2 1
history ec500008, better? 1
model id 0
0 3
1 13
2 78
history 36800a, better? 1
model id 0
0 241
1 108
2 9
history 200001c0, better? 1
model id 0
0 0
1 1
2 0
history 200c0802, better? 1
model id 0
0 3
1 6
2 35
history 8004c, better? 1
model id 0
0 3
1 9
2 63
history 4042002, better? 1
model id 0
0 0
1 0
2 0
history 10800081, better? 1
model id 0
0 4
1 0
2 3
history 6083, better? 1
model id 0
0 0
1 0
2 8
history 80008004, better? 1
model id 0
0 2
1 6
2 63
history 9022281, better? 1
model id 0
0 1144
1 57
2 1
history 8c270661, better? 1
model id 0
0 0
1 0
2 0
history 8282002, better? 1
model id 0
0 0
1 0
2 0
history 14006664, better? 1
model id 0
0 7
1 30
2 76
history 443fb200, better? 1
model id 0
0 4
1 0
2 1
history c80154aa, better? 1
model id 0
0 2
1 4
2 39
history 73a00005, better? 1
model id 0
0 0
1 0
2 0
history 1012, better? 1
model id 0
0 2
1 1
2 7
history 2d0, better? 1
model id 0
0 0
1 0
2 0
history 20241, better? 0
model id 0
0 4
1 0
2 2
history 4a000006, better? 1
model id 0
0 2
1 8
2 60
history 2b0840bc, better? 1
model id 0
0 0
1 16
2 0
history 0, better? 1
model id 0
0 2
1 6
2 44
history cc42005, better? 1
model id 0
0 2
1 6
2 54
history b40494fb, better? 1
model id 0
0 0
1 0
2 9
history 317, better? 1
model id 0
0 11
1 12
2 22
history 3001f20, better? 1
model id 0
0 3
1 6
2 43
history 17a02ef, better? 1
model id 0
0 2
1 4
2 34
history 99998995, better? 1
model id 0
0 2
1 0
2 3
history 9bfec01f, better? 1
model id 0
0 0
1 0
2 1
history 2fef54ef, better? 1
model id 0
0 4
1 0
2 1
history 7700011, better? 1
model id 0
0 0
1 0
2 7
history d400036a, better? 1
model id 0
0 12
1 19
2 32
history f9ee8, better? 1
model id 0
0 1
1 3
2 41
history 7b340000, better? 1
model id 0
0 2
1 3
2 33
history a001e501, better? 1
model id 0
0 4
1 0
2 3
history 16b4046a, better? 1
model id 0
0 2
1 1
2 11
history 300000, better? 1
model id 0
0 2
1 6
2 63
history 9c000004, better? 1
model id 0
0 0
1 0
2 0
history c2900001, better? 1
model id 0
0 2
1 6
2 51
history fff05902, better? 1
model id 0
0 0
1 3
2 0
history 3f82a80, better? 1
model id 0
0 0
1 0
2 0
history 87900175, better? 1
model id 0
0 2
1 3
2 29
history 5fff811, better? 1
model id 0
0 14
1 1
2 2
history a0000001, better? 1
model id 0
0 12
1 26
2 44
history 16d91310, better? 1
model id 0
0 8
1 13
2 32
history fc82, better? 1
model id 0
0 4
1 1
2 9
history 1ff0800, better? 1
model id 0
0 20
1 24
2 24
history 4933fd82, better? 1
model id 0
0 36
1 37
2 21
history 4c000741, better? 1
model id 0
0 2
1 6
2 56
history 62c0000, better? 1
model id 0
0 2
1 1
2 10
history 38586740, better? 1
model id 0
0 2
1 0
2 7
history a849480, better? 1
model id 0
0 2
1 4
2 38
history 20040307, better? 1
model id 0
0 2
1 1
2 11
history 8481204, better? 1
model id 0
0 0
1 1
2 0
history 70b54, better? 1
model id 0
0 2
1 6
2 62
history ffb6b570, better? 1
model id 0
0 2
1 5
2 50
history fc400048, better? 1
model id 0
0 4
1 0
2 1
history a98000e4, better? 1
model id 0
0 2
1 1
2 9
history a120b60, better? 1
model id 0
0 3
1 0
2 4
history 9000454, better? 1
model id 0
0 4
1 0
2 1
history c0000ff8, better? 1
model id 0
0 2
1 5
2 46
history 3ffb8481, better? 1
model id 0
0 0
1 1
2 0
history 3200001, better? 0
model id 0
0 0
1 0
2 0
history 862000f7, better? 1
model id 0
0 4
1 0
2 1
history 390007, better? 0
model id 0
0 3
1 0
2 4
history 220004c, better? 1
model id 0
0 0
1 0
2 0
history 504c003, better? 1
model id 0
0 2
1 4
2 41
history 2bf570, better? 1
model id 0
0 2
1 6
2 43
history 83600031, better? 1
model id 0
0 19
1 38
2 39
history 45510b6, better? 1
model id 0
0 4
1 0
2 1
history 9201df60, better? 1
model id 0
0 4
1 0
2 1
history 3, better? 1
model id 0
0 4
1 1
2 7
history 10200682, better? 1
model id 0
0 38
1 24
2 13
history 2600201, better? 0
model id 0
0 0
1 0
2 0
history 4009bb, better? 1
model id 0
0 0
1 0
2 0
history 8001007, better? 1
model id 0
0 0
1 0
2 0
history 3085b502, better? 1
model id 0
0 0
1 3
2 0
history 5ed, better? 1
model id 0
0 2
1 6
2 53
history 89, better? 1
model id 0
0 2
1 3
2 30
history 49ca0d, better? 1
model id 0
0 2
1 6
2 51
history 8400077c, better? 1
model id 0
0 0
1 0
2 0
history 870, better? 1
model id 0
0 0
1 0
2 5
history d, better? 1
model id 0
0 0
1 0
2 0
history c0080103, better? 1
model id 0
0 2
1 5
2 48
history 240a, better? 1
model id 0
0 7
1 2
2 6
history 8805e, better? 1
model id 0
0 0
1 0
2 0
history 1001541, better? 0
model id 0
0 2
1 2
2 18
history 3f002, better? 1
model id 0
0 2
1 5
2 41
history 1800620f, better? 1
model id 0
0 2
1 5
2 49
history 310081, better? 1
model id 0
0 3
1 2
2 14
history 3, better? 1
model id 0
0 2
1 5
2 52
history dc9204ee, better? 1
model id 0
0 2
1 0
2 4
history 1, better? 0
model id 0
0 17
1 23
2 27
history 19c007f2, better? 1
model id 0
0 5
1 13
2 47
history dffc08, better? 1
model id 0
0 2
1 4
2 34
history fce01d, better? 1
model id 0
0 0
1 0
2 0
history 803542, better? 1
model id 0
0 8
1 6
2 0
history a6aecc00, better? 1
model id 0
0 4
1 0
2 3
history 42b2, better? 1
model id 0
0 2
1 2
2 25
history 82240043, better? 1
model id 0
0 2
1 2
2 17
history 880b5918, better? 1
model id 0
0 0
1 0
2 0
history 708000cb, better? 1
model id 0
0 2
1 2
2 20
history 190c0022, better? 1
model id 0
0 4
1 0
2 1
history 44100418, better? 1
model id 0
0 2
1 3
2 33
history 42040014, better? 1
model id 0
0 0
1 0
2 0
history b4402095, better? 1
model id 0
0 6
1 4
2 16
history 40000002, better? 1
model id 0
0 73
1 44
2 12
history 8489272a, better? 1
model id 0
0 0
1 0
2 0
history ddc80, better? 1
model id 0
0 5
1 2
2 10
history 8007d214, better? 1
model id 0
0 2
1 1
2 13
history 1f80005, better? 1
model id 0
0 31
1 20
2 13
history e, better? 1
model id 0
0 2
1 2
2 23
history 42240002, better? 1
model id 0
0 30
1 18
2 12
history 20880001, better? 1
model id 0
0 2
1 2
2 19
history 2000002, better? 1
model id 0
0 2
1 6
2 57
history 1fef6, better? 1
model id 0
0 0
1 73
2 36
history 480b0622, better? 1
model id 0
0 2
1 1
2 13
history 4, better? 1
model id 0
0 0
1 0
2 0
history 620001c8, better? 1
model id 0
0 10
1 2
2 4
history 7d680188, better? 1
model id 0
0 2
1 6
2 50
history 2, better? 1
model id 0
0 3
1 1
2 8
history 112006a8, better? 1
model id 0
0 15
1 66
2 85
history 7886, better? 1
model id 0
0 4
1 0
2 1
history 57724022, better? 1
model id 0
0 9
1 1
2 4
history 500f8002, better? 1
model id 0
0 5
1 4
2 16
history 6, better? 1
model id 0
0 0
1 1
2 0
history 4800077a, better? 1
model id 0
0 10
1 16
2 32
history ff00124a, better? 1
model id 0
0 4
1 0
2 1
history 21100444, better? 1
model id 0
0 6
1 19
2 63
history 2882, better? 1
model id 0
0 4
1 0
2 1
history 807f400, better? 1
model id 0
0 2
1 1
2 8
history a017b6a, better? 1
model id 0
0 0
1 0
2 0
history 98026d, better? 1
model id 0
0 0
1 0
2 0
history 20500129, better? 1
model id 0
0 3
1 1
2 8
history c205044, better? 1
model id 0
0 2
1 6
2 64
history 3, better? 1
model id 0
0 32
1 1
2 1
history 64000424, better? 1
model id 0
0 4
1 0
2 1
history a0044205, better? 1
model id 0
0 38
1 7
2 4
history d0aaf9, better? 1
model id 0
0 4
1 10
2 49
history 1, better? 0
model id 0
0 2
1 5
2 44
history 80001e8, better? 1
model id 0
0 0
1 0
2 0
history 1dc80007, better? 1
model id 0
0 12
1 2
2 4
history a7, better? 1
model id 0
0 3
1 0
2 4
history 1600001e, better? 1
model id 0
0 3
1 3
2 22
history 3304cc, better? 1
model id 0
0 2
1 6
2 50
history c0800003, better? 1
model id 0
0 0
1 6
2 0
history a40e03d4, better? 1
model id 0
0 3
1 0
2 4
history 17, better? 1
model id 0
0 2
1 3
2 35
history 1, better? 1
model id 0
0 8
1 2
2 6
history 8041590, better? 1
model id 0
0 5
1 12
2 49
history 198001, better? 1
model id 0
0 3
1 1
2 12
history 4000026, better? 1
model id 0
0 3
1 0
2 4
history 4840000f, better? 1
model id 0
0 3
1 190
2 2
history 40004cf8, better? 1
model id 0
0 0
1 0
2 0
history 2a200b64, better? 1
model id 0
0 4
1 0
2 1
history 2c, better? 1
model id 0
0 4
1 0
2 1
history 800002, better? 1
model id 0
0 2
1 1
2 10
history 2480014b, better? 1
model id 0
0 2
1 0
2 7
history 3080a1, better? 1
model id 0
0 4
1 0
2 1
history 2100a, better? 1
model id 0
0 4
1 1
2 5
history 8000ad2, better? 1
model id 0
0 0
1 0
2 0
history 4000021, better? 1
model id 0
0 0
1 0
2 0
history 8003ff01, better? 0
model id 0
0 4
1 6
2 26
history 7fc7b, better? 1
model id 0
0 2
1 2
2 25
history 82021021, better? 1
model id 0
0 4
1 0
2 1
history 1fe090, better? 1
model id 0
0 0
1 0
2 0
history e9f, better? 1
model id 0
0 12
1 15
2 25
history ff9d21ee, better? 1
model id 0
0 2
1 0
2 3
history 2062, better? 1
model id 0
0 2
1 2
2 19
history 9005c002, better? 1
model id 0
0 45
1 20
2 9
history 100e0011, better? 1
model id 0
0 66
1 19
2 6
history 1f920a22, better? 1
model id 0
0 2
1 1
2 11
history f80002, better? 1
model id 0
0 7
1 8
2 25
history 60001811, better? 1
model id 0
0 32
1 89
2 55
history c0c49212, better? 1
model id 0
0 4
1 0
2 1
history e000c08, better? 1
model id 0
0 2
1 5
2 42
history 2240020e, better? 1
model id 0
0 0
1 0
2 0
history 4485210, better? 1
model id 0
0 0
1 4
2 0
history 3a61a03b, better? 1
model id 0
0 2
1 1
2 10
history 20244c82, better? 1
model id 0
0 2
1 0
2 3
history 83beb00, better? 1
model id 0
0 2
1 0
2 2
history 20c2101, better? 1
model id 0
0 2
1 5
2 52
history 1, better? 1
model id 0
0 0
1 2
2 0
history e0049b0, better? 1
model id 0
0 2
1 4
2 39
history 24022002, better? 1
model id 0
0 2
1 0
2 3
history 3fff82, better? 1
model id 0
0 4
1 0
2 1
history 610019d, better? 1
model id 0
0 2
1 1
2 11
history 6000800a, better? 1
model id 0
0 32
1 3
2 2
history 2000001, better? 1
model id 0
0 4
1 2
2 12
history d000001b, better? 1
model id 0
0 2
1 2
2 23
history 3fb4c180, better? 1
model id 0
0 8
1 14
2 34
history f0000012, better? 1
model id 0
0 13
1 39
2 60
history fc000000, better? 1
model id 0
0 12
1 4
2 5
history 8115, better? 1
model id 0
0 26
1 66
2 50
history 8b000576, better? 1
model id 0
0 2
1 6
2 63
history 6c8006, better? 1
model id 0
0 5
1 0
2 3
history 42000360, better? 1
model id 0
0 2
1 4
2 32
history f74d8040, better? 0
model id 0
0 0
1 0
2 0
history 131, better? 1
model id 0
0 2
1 0
2 3
history 4008d0, better? 1
model id 0
0 4
1 4
2 19
history c40410b4, better? 1
model id 0
0 0
1 0
2 0
history c0282041, better? 1
model id 0
0 0
1 0
2 0
history 8b5a35a3, better? 1
model id 0
0 0
1 7
2 0
history 2000838, better? 1
model id 0
0 2
1 2
2 15
history 1d6, better? 1
model id 0
0 2
1 1
2 7
history aa08001b, better? 1
model id 0
0 16
1 2
2 3
history 40905, better? 1
model id 0
0 6
1 9
2 27
history 21802018, better? 1
model id 0
0 0
1 0
2 0
history 41000001, better? 1
model id 0
0 9
1 9
2 19
history 400214, better? 1
model id 0
0 7
1 1
2 4
history 9c, better? 1
model id 0
0 2
1 7
2 47
history 18, better? 1
model id 0
0 0
1 0
2 0
history 80900b02, better? 1
model id 0
0 6
1 1
2 3
history 2580001, better? 1
model id 0
0 41
1 6
2 3
history 40b022, better? 1
model id 0
0 2
1 5
2 57
history b5e7bba, better? 1
model id 0
0 3
1 0
2 4
history c0026c91, better? 1
model id 0
0 2
1 2
2 18
history 3e611, better? 1
model id 0
0 4
1 0
2 2
history ba0209, better? 1
model id 0
0 0
1 0
2 0
history 4c8007db, better? 1
model id 0
0 0
1 0
2 0
history a8104, better? 1
model id 0
0 1
1 5
2 56
history 604014, better? 1
model id 0
0 8
1 2
2 5
history 82c004, better? 1
model id 0
0 4
1 0
2 1
history 60004418, better? 1
model id 0
0 2
1 1
2 15
history 4, better? 1
model id 0
0 2
1 2
2 16
history 20050801, better? 1
model id 0
0 0
1 6
2 0
history 43ffd00, better? 1
model id 0
0 1
1 1
2 17
history 20000d, better? 1
model id 0
0 3
1 0
2 4
history 58001c04, better? 1
model id 0
0 2
1 6
2 42
history a9b4fe95, better? 1
model id 0
0 0
1 1
2 0
history 2aa8002e, better? 1
model id 0
0 4
1 0
2 1
history 150004c, better? 1
model id 0
0 3
1 0
2 4
history 482b603c, better? 1
model id 0
0 0
1 1
2 0
history 81402228, better? 1
model id 0
0 43
1 45
2 21
history 3f04620, better? 1
model id 0
0 0
1 2
2 0
history a242000c, better? 1
model id 0
0 0
1 1
2 0
history 6ff693e4, better? 1
model id 0
0 0
1 1
2 0
history 10080381, better? 1
model id 0
0 2
1 1
2 9
history 20810051, better? 1
model id 0
0 0
1 0
2 0
history 18060022, better? 1
model id 0
0 0
1 0
2 0
history 5d440001, better? 1
model id 0
0 8
1 4
2 10
history 1a0282, better? 1
model id 0
0 2
1 5
2 43
history 50408113, better? 1
model id 0
0 6
1 14
2 41
history 1124006a, better? 1
model id 0
0 2
1 4
2 30
history 92, better? 1
model id 0
0 0
1 0
2 0
history 222284, better? 1
model id 0
0 4
1 4
2 22
history 9006006, better? 1
model id 0
0 2
1 6
2 58
history 40000294, better? 1
model id 0
0 0
1 0
2 0
history 637ff, better? 1
model id 0
0 3
1 5
2 33
history 2, better? 1
model id 0
0 2
1 3
2 31
history e20186, better? 1
model id 0
0 0
1 0
2 0
history 91096802, better? 1
model id 0
0 2
1 1
2 14
history e6c004, better? 1
model id 0
0 4
1 12
2 52
history 409e9, better? 1
model id 0
0 11
1 12
2 21
history 402901, better? 1
model id 0
0 140
1 7
2 1
history a67e400, better? 1
model id 0
0 0
1 6
2 0
history fba5020, better? 1
model id 0
0 2
1 1
2 16
history 1c0001, better? 1
model id 0
0 1
1 3
2 44
history 2, better? 1
model id 0
0 4
1 0
2 1
history 8029800c, better? 1
model id 0
0 6
1 8
2 27
history 1ae, better? 1
model id 0
0 0
1 0
2 0
history 3, better? 1
model id 0
0 3
1 6
2 41
history 80889501, better? 1
model id 0
0 2
1 3
2 37
history c21c0006, better? 1
model id 0
0 2
1 1
2 7
history 20005, better? 1
model id 0
0 0
1 1
2 0
history 51003d6a, better? 1
model id 0
0 4
1 0
2 1
history 10aa032, better? 1
model id 0
0 29
1 13
2 9
history ea900008, better? 1
model id 0
0 2
1 5
2 39
history 2c000001, better? 0
model id 0
0 0
1 0
2 0
history 90e0002, better? 1
model id 0
0 2
1 1
2 8
history 9002f80c, better? 1
model id 0
0 3
1 7
2 43
history 899a5800, better? 1
model id 0
0 2
1 0
2 3
history 180001, better? 0
model id 0
0 4
1 0
2 4
history 38000a5, better? 1
model id 0
0 2
1 6
2 45
history 902003e, better? 1
model id 0
0 4
1 0
2 1
history 2080181, better? 1
model id 0
0 0
1 0
2 0
history cc801421, better? 1
model id 0
0 0
1 0
2 0
history 400b000b, better? 1
model id 0
0 192
1 9
2 1
history 2ff3, better? 1
model id 0
0 2
1 6
2 58
history 3800011, better? 1
model id 0
0 1148
1 57
2 1
history 6f80, better? 1
model id 0
0 0
1 0
2 0
history b9002, better? 1
model id 0
0 4
1 0
2 2
history e0000006, better? 0
model id 0
0 4
1 1
2 9
history 2004239, better? 1
model id 0
0 3
1 0
2 4
history cc0001, better? 1
model id 0
0 2
1 2
2 20
history 1f09023, better? 1
model id 0
0 2
1 0
2 3
history ec800600, better? 1
model id 0
0 57
1 88
2 31
history 101fe200, better? 1
model id 0
0 3
1 0
2 4
history 340003, better? 1
model id 0
0 2
1 5
2 49
history 5886001c, better? 1
model id 0
0 3
1 0
2 4
history 2418015, better? 1
model id 0
0 0
1 0
2 0
history 980a9, better? 1
model id 0
0 0
1 0
2 0
history ff0c00e4, better? 1
model id 0
0 2
1 4
2 46
history 1, better? 1
model id 0
0 0
1 2
2 0
history 60a57b1b, better? 1
model id 0
0 2
1 0
2 7
history 80401604, better? 1
model id 0
0 3
1 0
2 4
history 1484ad, better? 1
model id 0
0 30
1 20
2 13
history 600404, better? 1
model id 0
0 2
1 1
2 11
history 800041c, better? 1
model id 0
0 2
1 2
2 22
history 7d, better? 1
model id 0
0 0
1 10
2 0
history 4006, better? 1
model id 0
0 0
1 0
2 0
history 18007d04, better? 1
model id 0
0 0
1 1
2 0
history 977d000, better? 1
model id 0
0 1152
1 57
2 1
history 96a00470, better? 1
model id 0
0 2
1 1
2 11
history 3004001c, better? 1
model id 0
0 0
1 1
2 0
history ec01df00, better? 1
model id 0
0 2
1 2
2 26
history 1c000003, better? 1
model id 0
0 5
1 2
2 8
history 621012, better? 1
model id 0
0 2
1 2
2 24
history a792000c, better? 1
model id 0
0 2
1 2
2 23
history 980024, better? 1
model id 0
0 2
1 0
2 6
history 5002805, better? 1
model id 0
0 0
1 0
2 0
history 16ebe9b, better? 1
model id 0
0 2
1 3
2 25
history 840003, better? 1
model id 0
0 0
1 14
2 0
history 8841da1, better? 1
model id 0
0 0
1 0
2 0
history 8d80016, better? 1
model id 0
0 45
1 97
2 43
history 1, better? 1
model id 0
0 2
1 5
2 54
history 1240982, better? 1
model id 0
0 2
1 0
2 3
history 350, better? 1
model id 0
0 0
1 0
2 0
history b9802113, better? 1
model id 0
0 0
1 0
2 0
history 11545, better? 1
model id 0
0 0
1 0
2 0
history bc048422, better? 1
model id 0
0 4
1 0
2 1
history 1000000c, better? 0
model id 0
0 3
1 2
2 16
history bee0, better? 1
model id 0
0 2
1 2
2 23
history 4002502d, better? 1
model id 0
0 0
1 0
2 0
history 8128401, better? 1
model id 0
0 0
1 0
2 11
history 4802411, better? 1
model id 0
0 0
1 2
2 0
history d5006ec, better? 1
model id 0
0 0
1 0
2 0
history 20004802, better? 1
model id 0
0 0
1 0
2 0
history 1004066, better? 1
model id 0
0 6
1 1
2 4
history 3005013, better? 1
model id 0
0 0
1 0
2 0
history 60040881, better? 1
model id 0
0 1148
1 57
2 1
history a2800a64, better? 1
model id 0
0 24
1 8
2 7
history 13f95, better? 1
model id 0
0 2
1 3
2 32
history 20bdda21, better? 1
model id 0
0 2
1 7
2 60
history 39940a00, better? 1
model id 0
0 3
1 0
2 4
history 800005f, better? 1
model id 0
0 3
1 0
2 4
history e80001c, better? 1
model id 0
0 0
1 0
2 0
history 1a00405, better? 1
model id 0
0 4
1 0
2 4
history 13, better? 1
model id 0
0 148
1 7
2 1
history 1880044, better? 1
model id 0
0 4
1 19
2 77
history 841dffd, better? 1
model id 0
0 0
1 0
2 0
history 6de9280, better? 1
model id 0
0 0
1 1
2 0
history 418d5c, better? 1
model id 0
0 3
1 6
2 34
history 8007ffc0, better? 1
model id 0
0 0
1 0
2 0
history 7580007, better? 1
model id 0
0 2
1 0
2 6
history 6801458, better? 1
model id 0
0 2
1 7
2 51
history 81160600, better? 1
model id 0
0 2
1 0
2 3
history 4000400c, better? 1
model id 0
0 0
1 0
2 0
history 28000001, better? 0
model id 0
0 5
1 6
2 27
history 201, better? 1
model id 0
0 0
1 1
2 0
history 6a020441, better? 1
model id 0
0 0
1 0
2 0
history c0ea1, better? 1
model id 0
0 64
1 3
2 1
history 1ff, better? 1
model id 0
0 0
1 0
2 0
history 20a40003, better? 1
model id 0
0 0
1 1
2 0
history 6bdfbe80, better? 1
model id 0
0 2
1 2
2 15
history 1c19f80, better? 1
model id 0
0 0
1 0
2 0
history 2710202, better? 1
model id 0
0 0
1 2
2 0
history 1420241, better? 1
model id 0
0 117
1 229
2 39
history 2080291, better? 1
model id 0
0 0
1 0
2 0
history 7118482, better? 1
model id 0
0 2
1 2
2 20
history 7b40d51, better? 1
model id 0
0 20
1 1
2 1
history 8410ab44, better? 1
model id 0
0 1
1 0
2 4
history b1400002, better? 0
model id 0
0 0
1 0
2 0
history 40800db, better? 1
model id 0
0 0
1 1
2 0
history c90337f0, better? 1
model id 0
0 2
1 1
2 17
history 3800208a, better? 1
model id 0
0 2
1 5
2 54
history 80016002, better? 1
model id 0
0 0
1 0
2 0
history 6b001, better? 1
model id 0
0 7
1 3
2 8
history 818, better? 1
model id 0
0 2
1 0
2 6
history c, better? 1
model id 0
0 0
1 0
2 0
history 2680009, better? 1
model id 0
0 140
1 7
2 1
history 800c1024, better? 1
model id 0
0 0
1 2
2 0
history 6, better? 1
model id 0
0 2
1 0
2 6
history 4010039b, better? 1
model id 0
0 0
1 0
2 0
history 4c08015, better? 1
model id 0
0 4
1 0
2 1
history 24012, better? 1
model id 0
0 3
1 11
2 76
history 90929204, better? 1
model id 0
0 0
1 0
2 0
history 80003e90, better? 1
model id 0
0 10
1 3
2 6
history c403fcfb, better? 1
model id 0
0 4
1 12
2 58
history c006dd, better? 1
model id 0
0 4
1 0
2 1
history 101, better? 1
model id 0
0 0
1 28
2 0
history 9108884, better? 1
model id 0
0 2
1 6
2 59
history 102, better? 1
model id 0
0 0
1 0
2 0
history be2000bb, better? 1
model id 0
0 2
1 1
2 8
history d1150cd8, better? 1
model id 0
0 2
1 3
2 34
history 58000232, better? 1
model id 0
0 0
1 0
2 0
history c9200666, better? 1
model id 0
0 0
1 1
2 0
history 4a0f0018, better? 1
model id 0
0 2
1 6
2 63
history 7e7e4008, better? 1
model id 0
0 2
1 0
2 3
history 80300181, better? 1
model id 0
0 5
1 13
2 52
history 40014424, better? 1
model id 0
0 72
1 97
2 27
history c00000e, better? 1
model id 0
0 2
1 6
2 57
history 10110401, better? 1
model id 0
0 3
1 0
2 4
history 411, better? 1
model id 0
0 8
1 3
2 8
history 2c0002, better? 1
model id 0
0 27
1 43
2 31
history 333bffff, better? 1
model id 0
0 5
1 5
2 18
history 3f30, better? 1
model id 0
0 2
1 1
2 10
history 25004814, better? 1
model id 0
0 1150
1 460
2 8
history 800003d, better? 0
model id 0
0 2
1 3
2 27
history 9b94132, better? 1
model id 0
0 2
1 2
2 20
history 401d0901, better? 1
model id 0
0 88
1 22
2 5
history c0041b62, better? 1
model id 0
0 2
1 6
2 63
history b0140002, better? 1
model id 0
0 2
1 4
2 47
history 7b01, better? 1
model id 0
0 34
1 19
2 11
history 1fff7418, better? 1
model id 0
0 2
1 4
2 37
history f801da00, better? 1
model id 0
0 0
1 0
2 0
history 8100abb, better? 1
model id 0
0 2
1 1
2 10
history 3fe0038, better? 1
model id 0
0 0
1 0
2 0
history 3800401, better? 1
model id 0
0 2
1 3
2 23
history 66014b40, better? 1
model id 0
0 2
1 0
2 0
history 9110006, better? 1
model id 0
0 0
1 0
2 10
history 2100c00e, better? 1
model id 0
0 3
1 7
2 37
history 780444de, better? 1
model id 0
0 0
1 0
2 0
history 9a2c365, better? 1
model id 0
0 2
1 1
2 11
history 2021ee22, better? 1
model id 0
0 14
1 2
2 4
history 30480003, better? 1
model id 0
0 0
1 0
2 0
history 80000c27, better? 1
model id 0
0 4
1 3
2 16
history e860002d, better? 1
model id 0
0 3
1 3
2 16
history 1445936, better? 1
model id 0
0 0
1 0
2 0
history 120007, better? 1
model id 0
0 12
1 1
2 3
history 2010001c, better? 1
model id 0
0 2
1 3
2 32
history 90020802, better? 1
model id 0
0 2
1 5
2 52
history 240a003, better? 1
model id 0
0 0
1 0
2 0
history 12820012, better? 1
model id 0
0 4
1 13
2 55
history 1075f9, better? 1
model id 0
0 0
1 0
2 0
history 10300818, better? 1
model id 0
0 7
1 25
2 68
history d0040092, better? 1
model id 0
0 0
1 0
2 0
history 4804081, better? 1
model id 0
0 4
1 0
2 1
history dc4301a8, better? 1
model id 0
0 33
1 23
2 14
history 4eee02d, better? 1
model id 0
0 18
1 51
2 57
history 488dab, better? 1
model id 0
0 0
1 0
2 0
history cf, better? 1
model id 0
0 2
1 3
2 26
history 270d4032, better? 1
model id 0
0 0
1 0
2 0
history 6c0900c4, better? 1
model id 0
0 2
1 5
2 42
history d1250050, better? 1
model id 0
0 7
1 9
2 25
history 246ba580, better? 1
model id 0
0 2
1 0
2 3
history a0500304, better? 1
model id 0
0 0
1 0
2 0
history 2280a004, better? 1
model id 0
0 0
1 0
2 0
history 2982c101, better? 1
model id 0
0 15
1 6
2 9
history c10004, better? 1
model id 0
0 11
1 5
2 10
history f1f01be0, better? 1
model id 0
0 52
1 2
2 1
history 3502c, better? 1
model id 0
0 2
1 0
2 2
history 248000c2, better? 1
model id 0
0 10
1 6
2 12
history db760008, better? 1
model id 0
0 112
1 191
2 34
history 40024541, better? 1
model id 0
0 0
1 2
2 0
history f981009e, better? 1
model id 0
0 2
1 1
2 9
history 19a21081, better? 1
model id 0
0 0
1 0
2 0
history 89000402, better? 1
model id 0
0 2
1 1
2 11
history 14501a8, better? 1
model id 0
0 2
1 1
2 9
history 3400014, better? 1
model id 0
0 2
1 6
2 57
history 9355291b, better? 1
model id 0
0 2
1 1
2 10
history 8c000038, better? 1
model id 0
0 0
1 0
2 0
history 400014f3, better? 1
model id 0
0 0
1 0
2 0
history 40010002, better? 1
model id 0
0 0
1 0
2 0
history 12000005, better? 1
model id 0
0 0
1 0
2 0
history fff, better? 1
model id 0
0 24
1 1
2 1
history 1, better? 1
model id 0
0 3
1 5
2 32
history 6609005c, better? 1
model id 0
0 4
1 8
2 35
history 24980881, better? 1
model id 0
0 4
1 0
2 1
history 208184a, better? 1
model id 0
0 0
1 4
2 38
history 1801, better? 1
model id 0
0 0
1 0
2 0
history 6e4420c, better? 1
model id 0
0 3
1 3
2 20
history 1912d8, better? 1
model id 0
0 2
1 4
2 38
history efed00e, better? 1
model id 0
0 0
1 0
2 0
history 2e801, better? 1
model id 0
0 2
1 1
2 11
history 100526c9, better? 1
model id 0
0 2
1 0
2 5
history 602e0, better? 1
model id 0
0 16
1 7
2 9
history 4808802a, better? 1
model id 0
0 4
1 0
2 3
history 78, better? 1
model id 0
0 2
1 5
2 40
history 101ff109, better? 1
model id 0
0 0
1 0
2 0
history 4c60, better? 1
model id 0
0 0
1 2
2 0
history d6800ac2, better? 1
model id 0
0 66
1 39
2 12
history c0000c18, better? 1
model id 0
0 10
1 1
2 3
history 80005d42, better? 1
model id 0
0 2
1 0
2 3
history 39218, better? 1
model id 0
0 2
1 4
2 33
history 5708c, better? 0
model id 0
0 2
1 2
2 19
history 9044c06a, better? 1
model id 0
0 6
1 16
2 52
history 3b80000a, better? 1
model id 0
0 2
1 1
2 15
history 8024000c, better? 1
model id 0
0 4
1 6
2 32
history 11000003, better? 1
model id 0
0 2
1 4
2 38
history f000037e, better? 1
model id 0
0 52
1 26
2 10
history fff74003, better? 0
model id 0
0 4
1 2
2 11
history fde52c40, better? 1
model id 0
0 42
1 23
2 11
history 101, better? 0
model id 0
0 0
1 0
2 0
history d46002, better? 1
model id 0
0 2
1 4
2 46
history 4020800e, better? 1
model id 0
0 143
1 229
2 32
history fca0000d, better? 1
model id 0
0 2
1 2
2 20
history 2000240c, better? 1
model id 0
0 2
1 1
2 12
history 920010c, better? 1
model id 0
0 16
1 0
2 1
history 24, better? 1
model id 0
0 2
1 1
2 7
history 4801, better? 1
model id 0
0 54
1 21
2 8
history 3a0018, better? 1
model id 0
0 16
1 11
2 14
history 8050001, better? 1
model id 0
0 0
1 0
2 0
history 1403, better? 1
model id 0
0 0
1 0
2 0
history 6000081, better? 1
model id 0
0 136
1 6
2 1
history 400002a, better? 1
model id 0
0 19
1 14
2 15
history ed0, better? 1
model id 0
0 4
1 0
2 1
history 24040794, better? 1
model id 0
0 6
1 19
2 55
history 23d1c, better? 1
model id 0
0 0
1 0
2 0
history 700000fe, better? 1
model id 0
0 0
1 3
2 0
history 65522016, better? 1
model id 0
0 22
1 71
2 65
history 83aa2006, better? 1
model id 0
0 0
1 0
2 0
history 8002003, better? 1
model id 0
0 1
1 2
2 14
history c0004209, better? 1
model id 0
0 0
1 1
2 0
history 83246094, better? 1
model id 0
0 10
1 2
2 5
history 186e10, better? 1
model id 0
0 100
1 5
2 1
history 50811, better? 1
model id 0
0 2
1 0
2 3
history 30090062, better? 1
model id 0
0 204
1 10
2 53
history 2201b160, better? 1
model id 0
0 44
1 2
2 1
history 80022831, better? 1
model id 0
0 0
1 0
2 0
history dfbd, better? 1
model id 0
0 14
1 20
2 29
history 8e0c2016, better? 1
model id 0
0 0
1 0
2 0
history 1200923, better? 1
model id 0
0 0
1 2
2 0
history c2896668, better? 1
model id 0
0 19
1 16
2 17
history 10a28038, better? 1
model id 0
0 0
1 0
2 0
history 582b5, better? 1
model id 0
0 2
1 3
2 32
history 6006001, better? 1
model id 0
0 0
1 0
2 0
history 5c00a6ff, better? 1
model id 0
0 0
1 3
2 0
history 12928006, better? 1
model id 0
0 0
1 0
2 0
history 9bba8001, better? 1
model id 0
0 18
1 12
2 14
history 200089ee, better? 1
model id 0
0 24
1 26
2 22
history 5011e, better? 1
model id 0
0 8
1 26
2 64
history 3bfc2000, better? 1
model id 0
0 0
1 0
2 0
history 5, better? 1
model id 0
0 27
1 27
2 20
history 99904402, better? 1
model id 0
0 9
1 14
2 31
history 4928ffe, better? 1
model id 0
0 4
1 2
2 13
history 8542ca6c, better? 1
model id 0
0 0
1 1
2 0
history 504000bf, better? 1
model id 0
0 28
1 1
2 1
history 4456f02, better? 1
model id 0
0 0
1 0
2 0
history 120039, better? 1
model id 0
0 2
1 2
2 25
history a4979aac, better? 1
model id 0
0 39
1 17
2 9
history c0100eb0, better? 1
model id 0
0 0
1 0
2 0
history 2c023003, better? 1
model id 0
0 0
1 4
2 0
history 4800042, better? 1
model id 0
0 128
1 6
2 1
history b0000001, better? 1
model id 0
0 0
1 6
2 0
history 480001, better? 1
model id 0
0 10
1 11
2 21
history 222002, better? 1
model id 0
0 2
1 3
2 25
history 40400001, better? 1
model id 0
0 3
1 7
2 50
history 10001, better? 1
model id 0
0 2
1 2
2 21
history 60002, better? 1
model id 0
0 75
1 34
2 9
history 800001, better? 1
model id 0
0 0
1 0
2 0
history 5, better? 1
model id 0
0 0
1 0
2 0
history 20000464, better? 1
model id 0
0 4
1 6
2 30
history a0002, better? 1
model id 0
0 7
1 6
2 16
history bfab0, better? 1
model id 0
0 0
1 0
2 0
history b6080922, better? 1
model id 0
0 0
1 1
2 0
history 500111a, better? 1
model id 0
0 23
1 11
2 10
history 1fa8580, better? 1
model id 0
0 232
1 11
2 1
history 80016d07, better? 1
model id 0
0 50
1 12
2 5
history a2002a2, better? 1
model id 0
0 8
1 7
2 18
history 250296, better? 1
model id 0
0 41
1 6
2 3
history 36002b0, better? 1
model id 0
0 0
1 0
2 0
history 21429403, better? 1
model id 0
0 8
1 0
2 1
history 203b8468, better? 1
model id 0
0 4
1 3
2 15
history e39c900c, better? 1
model id 0
0 0
1 0
2 0
history 2006841, better? 1
model id 0
0 4
1 7
2 38
history 6fc00, better? 1
model id 0
0 2
1 4
2 34
history 8029505, better? 1
model id 0
0 0
1 1
2 0
history 488011, better? 1
model id 0
0 4
1 2
2 11
history 8a00001, better? 0
model id 0
0 0
1 0
2 0
history 4000018, better? 1
model id 0
0 11
1 15
2 26
history 20460024, better? 1
model id 0
0 2
1 1
2 12
history 842a8062, better? 1
model id 0
0 0
1 0
2 0
history 64802003, better? 1
model id 0
0 2
1 6
2 56
history 418, better? 1
model id 0
0 0
1 0
2 0
history 47441, better? 1
model id 0
0 0
1 1
2 0
history 458f86c, better? 1
model id 0
0 3
1 0
2 4
history 81001, better? 0
model id 0
0 2
1 2
2 20
history 4002000a, better? 1
model id 0
0 0
1 0
2 0
history 3, better? 1
model id 0
0 72
1 7
2 2
history 1045404, better? 1
model id 0
0 0
1 0
2 0
history 607a4015, better? 1
model id 0
0 8
1 2
2 7
history 20000282, better? 1
model id 0
0 120
1 6
2 1
history 5761186, better? 1
model id 0
0 0
1 0
2 0
history 10231081, better? 1
model id 0
0 2
1 4
2 37
history 4010181, better? 1
model id 0
0 12
1 51
2 79
history 80202001, better? 1
model id 0
0 64
1 3
2 1
history 80010001, better? 1
model id 0
0 73
1 73
2 20
history 8000081c, better? 1
model id 0
0 0
1 17
2 0
history 80000802, better? 1
model id 0
0 0
1 0
2 0
history c3, better? 1
model id 0
0 0
1 8
2 0
history 402d, better? 1
model id 0
0 4
1 0
2 2
history 20061, better? 1
model id 0
0 27
1 43
2 31
history f0980f0, better? 1
model id 0
0 118
1 159
2 27
history 3e40105, better? 1
model id 0
0 2
1 2
2 25
history a, better? 1
model id 0
0 4
1 0
2 1
history 2dcc40, better? 1
model id 0
0 4
1 5
2 23
history 19021026, better? 1
model id 0
0 12
1 0
2 1
history 20011ac0, better? 1
model id 0
0 0
1 0
2 0
history 3713, better? 1
model id 0
0 4
1 0
2 1
history 7000401, better? 1
model id 0
0 2
1 0
2 3
history 8000bc04, better? 1
model id 0
0 2
1 6
2 61
history 81, better? 1
model id 0
0 68
1 61
2 18
history 1a002c8, better? 1
model id 0
0 0
1 1
2 0
history 4000001, better? 1
model id 0
0 5
1 7
2 31
history 1f8082, better? 1
model id 0
0 0
1 0
2 0
history 92001801, better? 1
model id 0
0 0
1 0
2 0
history 400001, better? 1
model id 0
0 0
1 4
2 0
history 86, better? 1
model id 0
0 18
1 29
2 32
history 7, better? 1
model id 0
0 21
1 14
2 13
history 3fc00, better? 1
model id 0
0 2
1 0
2 6
history a0e8, better? 1
model id 0
0 592
1 29
2 1
history 7626, better? 1
model id 0
0 4
1 1
2 8
history ff0022, better? 1
model id 0
0 13
1 5
2 8
history 3053022, better? 1
model id 0
0 0
1 0
2 0
history 300002f, better? 1
model id 0
0 0
1 0
2 0
history 5080001, better? 0
model id 0
0 18
1 40
2 44
history 17d40a0, better? 1
model id 0
0 0
1 0
2 0
history 2050c07b, better? 1
model id 0
0 6
1 11
2 34
history bb08401, better? 1
model id 0
0 0
1 0
2 0
history 80005, better? 1
model id 0
0 892
1 44
2 1
history 3000002, better? 1
model id 0
0 3
1 0
2 4
history c0000001, better? 1
model id 0
0 14
1 2
2 4
history 19, better? 1
model id 0
0 2
1 0
2 3
history 10200bc0, better? 1
model id 0
0 0
1 0
2 0
history 3, better? 1
model id 0
0 10
1 5
2 10
history 2, better? 1
model id 0
0 0
1 33
2 0
history 200001a9, better? 1
model id 0
0 4
1 0
2 1
history 60e50, better? 1
model id 0
0 37
1 18
2 10
history 118, better? 1
model id 0
0 0
1 0
2 0
history 4480010d, better? 1
model id 0
0 88
1 17
2 4
history cc, better? 1
model id 0
0 0
1 0
2 0
history 20e01, better? 1
model id 0
0 0
1 2
2 0
history 506c0f0, better? 1
model id 0
0 10
1 8
2 15
history 500802, better? 1
model id 0
0 19
1 17
2 18
history 5, better? 1
model id 0
0 0
1 1
2 0
history 8018000c, better? 1
model id 0
0 16
1 31
2 38
history a1129, better? 1
model id 0
0 0
1 0
2 0
history f4124251, better? 1
model id 0
0 4
1 0
2 4
history 7d0, better? 1
model id 0
0 20
1 27
2 27
history 8000002c, better? 1
model id 0
0 72
1 54
2 15
history 198a2898, better? 1
model id 0
0 0
1 0
2 0
history 56c15, better? 1
model id 0
0 2
1 6
2 57
history 440000fc, better? 1
model id 0
0 44
1 6
2 3
history 45068236, better? 1
model id 0
0 0
1 0
2 0
history 1, better? 1
model id 0
0 4
1 0
2 1
history 50000006, better? 1
model id 0
0 0
1 0
2 0
history 55a001, better? 1
model id 0
0 0
1 0
2 0
history 6b5d, better? 1
model id 0
0 0
1 0
2 0
history 3348c002, better? 1
model id 0
0 6
1 1
2 5
history 4122084c, better? 1
model id 0
0 4
1 3
2 15
history 32220a02, better? 1
model id 0
0 2
1 1
2 10
history 2, better? 1
model id 0
0 14
1 51
2 73
history c807bc20, better? 1
model id 0
0 0
1 0
2 0
history b077423b, better? 1
model id 0
0 3
1 6
2 39
history 200021, better? 1
model id 0
0 12
1 0
2 1
history 68000204, better? 1
model id 0
0 1
1 0
2 9
history 80a04a, better? 1
model id 0
0 5
1 0
2 1
history 605008a, better? 1
model id 0
0 0
1 0
2 0
history c000041, better? 1
model id 0
0 0
1 0
2 0
history 81f4ef8, better? 1
model id 0
0 2
1 1
2 9
history 10101, better? 1
model id 0
0 0
1 0
2 0
history c04007, better? 1
model id 0
0 13
1 5
2 0
history de061142, better? 1
model id 0
0 4
1 0
2 1
history 9006, better? 1
model id 0
0 2
1 3
2 27
history 12504, better? 1
model id 0
0 32
1 1
2 1
history 37022, better? 1
model id 0
0 65
1 46
2 14
history e670, better? 1
model id 0
0 0
1 0
2 0
history a8000233, better? 1
model id 0
0 0
1 0
2 0
history 128a42a1, better? 1
model id 0
0 2
1 4
2 36
history 12a04102, better? 1
model id 0
0 2
1 0
2 3
history 800041, better? 1
model id 0
0 0
1 0
2 0
history 21, better? 1
model id 0
0 4
1 0
2 4
history 3e, better? 1
model id 0
0 0
1 0
2 0
history e92003, better? 1
model id 0
0 23
1 9
2 8
history 1d06, better? 1
model id 0
0 0
1 0
2 0
history 88019, better? 1
model id 0
0 0
1 5
2 0
history 7802d004, better? 1
model id 0
0 0
1 0
2 0
history 4, better? 1
model id 0
0 0
1 0
2 0
history 44001, better? 1
model id 0
0 4
1 2
2 10
history 8142ce78, better? 1
model id 0
0 0
1 1
2 0
history 6, better? 1
model id 0
0 4
1 0
2 2
history 1e00049, better? 1
model id 0
0 0
1 0
2 0
history 120021, better? 1
model id 0
0 100
1 35
2 7
history 9400003c, better? 1
model id 0
0 0
1 0
2 0
history 1, better? 1
model id 0
0 7
1 8
2 21
history 1b60011, better? 1
model id 0
0 6
1 3
2 11
history 7e0, better? 1
model id 0
0 0
1 2
2 0
history 670000a, better? 1
model id 0
0 0
1 0
2 0
history a3bda5, better? 1
model id 0
0 4
1 0
2 3
history 12, better? 1
model id 0
0 17
1 7
2 9
history 54490314, better? 1
model id 0
0 7
1 16
2 43
history 5ac00b, better? 1
model id 0
0 0
1 1
2 0
history bbb0, better? 1
model id 0
0 7
1 3
2 8
history 9700601, better? 1
model id 0
0 0
1 1
2 0
history 22800d70, better? 1
model id 0
0 0
1 0
2 0
history c1105, better? 1
model id 0
0 138
1 13
2 2
history 1380036, better? 1
model id 0
0 5
1 3
2 12
history c0000002, better? 1
model id 0
0 2
1 3
2 35
history 8927b0, better? 1
model id 0
0 0
1 0
2 0
history 504c6403, better? 1
model id 0
0 8
1 0
2 1
history 1100118, better? 1
model id 0
0 2
1 3
2 25
history 41450038, better? 1
model id 0
0 28
1 14
2 10
history 1f095926, better? 1
model id 0
0 3
1 5
2 31
history 42a809d0, better? 1
model id 0
0 3
1 3
2 24
history 4a084018, better? 1
model id 0
0 76
1 106
2 28
history 1004a15e, better? 1
model id 0
0 4
1 0
2 1
history 20004002, better? 1
model id 0
0 6
1 6
2 20
history 40042, better? 1
model id 0
0 3
1 13
2 68
history 832422, better? 1
model id 0
0 0
1 0
2 0
history 80100641, better? 1
model id 0
0 0
1 0
2 0
history 20c0101, better? 1
model id 0
0 2
1 3
2 30
history 55c1d08, better? 1
model id 0
0 2
1 1
2 13
history 2103117, better? 1
model id 0
0 12
1 1
2 3
history 2908802, better? 1
model id 0
0 36
1 1
2 1
history 80087e00, better? 1
model id 0
0 14
1 26
2 37
history 49500233, better? 1
model id 0
0 1
1 2
2 30
history 2ac1d97, better? 1
model id 0
0 1
1 0
2 5
history 8210005, better? 1
model id 0
0 56
1 2
2 1
history c400436, better? 1
model id 0
0 3
1 4
2 28
history 5e00acc4, better? 1
model id 0
0 2
1 6
2 46
history a401, better? 1
model id 0
0 0
1 0
2 0
history 11, better? 1
model id 0
0 6
1 15
2 50
history b85e7600, better? 1
model id 0
0 0
1 3
2 0
history 54569b42, better? 1
model id 0
0 2
1 8
2 64
history 8480006, better? 1
model id 0
0 47
1 121
2 51
history 1514000b, better? 1
model id 0
0 0
1 3
2 0
history 4c, better? 1
model id 0
0 0
1 1
2 0
history 7fa, better? 1
model id 0
0 0
1 0
2 0
history 5b507, better? 1
model id 0
0 2
1 1
2 12
history 2, better? 1
model id 0
0 0
1 0
2 0
history 88d2, better? 1
model id 0
0 2
1 1
2 12
history c2000c01, better? 1
model id 0
0 0
1 0
2 0
history e4016, better? 1
model id 0
0 0
1 0
2 0
history 88013, better? 1
model id 0
0 49
1 29
2 12
history 46b9053, better? 1
model id 0
0 4
1 0
2 1
history 2113680, better? 1
model id 0
0 3
1 6
2 33
history 112005a2, better? 1
model id 0
0 2
1 3
2 26
history 10048802, better? 1
model id 0
0 0
1 1
2 0
history 300ed, better? 1
model id 0
0 2
1 8
2 63
history 94000802, better? 1
model id 0
0 1
1 1
2 23
history 81000eaa, better? 1
model id 0
0 2
1 2
2 20
history 340a3d05, better? 1
model id 0
0 2
1 4
2 39
history d2, better? 1
model id 0
0 9
1 38
2 80
history bd0008f0, better? 0
model id 0
0 20
1 34
2 33
history 10007e0, better? 1
model id 0
0 50
1 5
2 2
history 40001281, better? 1
model id 0
0 4
1 0
2 3
history 80000ea0, better? 1
model id 0
0 48
1 2
2 1
history 81020004, better? 1
model id 0
0 16
1 9
2 12
history a8189, better? 1
model id 0
0 4
1 0
2 3
history 4021c, better? 1
model id 0
0 2
1 6
2 57
history 1c000c, better? 1
model id 0
0 32
1 1
2 1
history d0000040, better? 1
model id 0
0 12
1 13
2 23
history 6, better? 1
model id 0
0 0
1 0
2 0
history 1c0001f, better? 1
model id 0
0 0
1 0
2 0
history 1401002, better? 1
model id 0
0 4
1 3
2 16
history 92c95000, better? 1
model id 0
0 36
1 14
2 8
history db6ffeb, better? 1
model id 0
0 4
1 0
2 3
history 2aa7f198, better? 1
model id 0
0 9
1 2
2 6
history 8494aae8, better? 1
model id 0
0 31
1 24
2 16
history 11890a01, better? 1
model id 0
0 0
1 47
2 2
history cda9b6a0, better? 1
model id 0
0 0
1 2
2 0
history ac437ad8, better? 1
model id 0
0 0
1 3
2 0
history 2cec8000, better? 1
model id 0
0 4
1 0
2 1
history 6b988af0, better? 1
model id 0
0 4
1 15
2 69
history fae90000, better? 1
model id 0
0 2
1 2
2 22
history 8517852, better? 1
model id 0
0 0
1 0
2 0
history a20055dd, better? 1
model id 0
0 0
1 0
2 0
history 4ff800, better? 1
model id 0
0 0
1 0
2 0
history 6ef5eb9, better? 1
model id 0
0 2
1 2
2 18
history 24494bcd, better? 1
model id 0
0 0
1 0
2 0
history 3f7edbc8, better? 1
model id 0
0 0
1 10
2 0
history 89257575, better? 1
model id 0
0 2
1 4
2 37
history 18000da3, better? 1
model id 0
0 2
1 4
2 42
history 3b80a11a, better? 1
model id 0
0 2
1 2
2 17
history 808000d, better? 1
model id 0
0 3
1 6
2 42
history 3002, better? 1
model id 0
0 0
1 0
2 0
history 3800036f, better? 1
model id 0
0 0
1 0
2 0
history 26780001, better? 0
model id 0
0 0
1 10
2 0
history 4c9ad045, better? 1
model id 0
0 0
1 1
2 0
history 44007605, better? 1
model id 0
0 66
1 73
2 22
history 4b099203, better? 1
model id 0
0 0
1 1
2 0
history 84000007, better? 1
model id 0
0 7
1 14
2 37
history 97820c, better? 1
model id 0
0 3
1 0
2 5
history c8800330, better? 1
model id 0
0 0
1 0
2 0
history 2499483, better? 1
model id 0
0 0
1 0
2 0
history 1640004, better? 1
model id 0
0 0
1 0
2 0
history 4dda235, better? 1
model id 0
0 2
1 0
2 3
history 328, better? 1
model id 0
0 3
1 0
2 4
history 321980d8, better? 1
model id 0
0 2
1 5
2 54
history 1102809, better? 1
model id 0
0 4
1 4
2 20
history 1200a5, better? 1
model id 0
0 0
1 0
2 0
history 8496c81, better? 1
model id 0
0 2
1 2
2 19
history 251a404c, better? 1
model id 0
0 3
1 0
2 4
history eea14026, better? 1
model id 0
0 2104
1 210
2 2
history 28018a0a, better? 1
model id 0
0 0
1 0
2 0
history 13a091, better? 1
model id 0
0 0
1 0
2 0
history 88084c, better? 1
model id 0
0 4
1 1
2 8
history 44adc, better? 1
model id 0
0 4
1 0
2 1
history 8209004, better? 1
model id 0
0 0
1 8
2 0
history 8a007fa5, better? 1
model id 0
0 48
1 91
2 38
history 2a16ff8, better? 1
model id 0
0 4
1 0
2 1
history dc40452b, better? 1
model id 0
0 2
1 1
2 11
history 3fd0, better? 1
model id 0
0 4
1 0
2 1
history f4014205, better? 1
model id 0
0 2
1 3
2 26
history 4b03c002, better? 1
model id 0
0 0
1 0
2 0
history 3c0000f, better? 1
model id 0
0 15
1 12
2 16
history f4028401, better? 1
model id 0
0 0
1 0
2 0
history a28030a, better? 1
model id 0
0 0
1 0
2 0
history 4008c564, better? 1
model id 0
0 0
1 0
2 0
history 5cc31001, better? 1
model id 0
0 0
1 0
2 0
history cfd1483, better? 1
model id 0
0 0
1 2
2 0
history 5fdde3a7, better? 1
model id 0
0 0
1 0
2 1
history 1001, better? 1
model id 0
0 47
1 9
2 4
history df6480, better? 1
model id 0
0 0
1 0
2 0
history 219d5b1, better? 1
model id 0
0 2
1 1
2 11
history 1880062, better? 1
model id 0
0 2
1 3
2 36
history 1200a016, better? 1
model id 0
0 7
1 15
2 40
history 1f406, better? 1
model id 0
0 16
1 0
2 1
history 1cd20, better? 1
model id 0
0 4
1 3
2 14
history 402d6ccc, better? 1
model id 0
0 10
1 25
2 48
history dc000005, better? 1
model id 0
0 4
1 2
2 19
history 812c4801, better? 1
model id 0
0 2
1 2
2 28
history 4005990, better? 1
model id 0
0 2
1 1
2 8
history 82400001, better? 1
model id 0
0 232
1 11
2 1
history 8000b59, better? 1
model id 0
0 0
1 1
2 0
history cd4a2662, better? 1
model id 0
0 0
1 0
2 0
history 2c00037d, better? 1
model id 0
0 60
1 3
2 1
history 7e0017ec, better? 1
model id 0
0 2
1 4
2 34
history ed0, better? 1
model id 0
0 0
1 0
2 0
history e01e000c, better? 1
model id 0
0 2
1 6
2 63
history 57fb8027, better? 1
model id 0
0 0
1 0
2 0
history 2017d, better? 1
model id 0
0 4
1 1
2 5
history 20d40230, better? 1
model id 0
0 2
1 4
2 46
history 8228010a, better? 1
model id 0
0 2
1 0
2 3
history c00906, better? 1
model id 0
0 34
1 3
2 2
history a9000004, better? 1
model id 0
0 4
1 0
2 1
history 3fc8080a, better? 1
model id 0
0 0
1 0
2 0
history 20046, better? 1
model id 0
0 0
1 0
2 0
history d000065d, better? 1
model id 0
0 0
1 0
2 0
history 18300f81, better? 1
model id 0
0 2
1 6
2 51
history 4800c801, better? 1
model id 0
0 1
1 3
2 33
history 6da04001, better? 1
model id 0
0 2
1 2
2 21
history 2, better? 1
model id 0
0 2
1 1
2 11
history 2018101, better? 1
model id 0
0 232
1 11
2 1
history c4000a0c, better? 1
model id 0
0 0
1 0
2 0
history 250b01, better? 1
model id 0
0 0
1 0
2 0
history 48002, better? 1
model id 0
0 11
1 7
2 12
history 291002, better? 1
model id 0
0 0
1 1
2 10
history 91153517, better? 1
model id 0
0 4
1 0
2 1
history 5, better? 1
model id 0
0 3
1 0
2 5
history 16b4a, better? 1
model id 0
0 0
1 0
2 0
history 40078027, better? 1
model id 0
0 4
1 0
2 2
history 80004217, better? 1
model id 0
0 0
1 1
2 0
history 6e5f8090, better? 1
model id 0
0 60
1 3
2 1
history 400003ff, better? 1
model id 0
0 27
1 23
2 17
history f0c2e00, better? 1
model id 0
0 0
1 0
2 0
history 20167b8d, better? 1
model id 0
0 0
1 0
2 0
history 581002c2, better? 1
model id 0
0 0
1 0
2 0
history 4021a2cd, better? 1
model id 0
0 0
1 0
2 0
history 9081406c, better? 1
model id 0
0 8
1 19
2 48
history f822880c, better? 1
model id 0
0 7
1 6
2 18
history 6, better? 1
model id 0
0 4
1 9
2 38
history 8240098, better? 1
model id 0
0 48
1 4
2 2
history 8000c046, better? 1
model id 0
0 4
1 1
2 9
history 804010d7, better? 1
model id 0
0 18
1 10
2 12
history e3ff3000, better? 1
model id 0
0 2
1 9
2 73
history 8220012, better? 1
model id 0
0 0
1 0
2 0
history 70000049, better? 1
model id 0
0 15
1 19
2 25
history 5e000002, better? 1
model id 0
0 0
1 1
2 0
history a12d2989, better? 1
model id 0
0 0
1 2
2 0
history ee6d1100, better? 1
model id 0
0 4
1 3
2 15
history 9000170, better? 1
model id 0
0 0
1 7
2 0
history 78000098, better? 1
model id 0
0 2
1 0
2 6
history 37f3a40, better? 1
model id 0
0 4
1 0
2 2
history 7b33f40b, better? 1
model id 0
0 0
1 0
2 0
history fd0a4649, better? 1
model id 0
0 0
1 0
2 0
history 2c8461, better? 1
model id 0
0 0
1 0
2 0
history 6f00bad5, better? 1
model id 0
0 10
1 19
2 37
history e04b9fc0, better? 1
model id 0
0 34
1 24
2 14
history 2e0c, better? 1
model id 0
0 8
1 5
2 12
history 1bdf8000, better? 1
model id 0
0 4
1 2
2 13
history 2214c10e, better? 1
model id 0
0 41
1 10
2 5
history ffc20090, better? 1
model id 0
0 40
1 7
2 2
history b6012480, better? 1
model id 0
0 80
1 40
2 39
history b1030181, better? 1
model id 0
0 56
1 2
2 1
history 931235ef, better? 1
model id 0
0 4
1 0
2 1
history 1220058, better? 1
model id 0
0 4
1 6
2 32
history 26c41, better? 1
model id 0
0 55
1 25
2 9
history feff4000, better? 1
model id 0
0 0
1 0
2 0
history f280036d, better? 1
model id 0
0 2
1 1
2 12
history 7800f02, better? 1
model id 0
0 36
1 22
2 12
history 63e40360, better? 1
model id 0
0 234
1 23
2 2
history f6200000, better? 1
model id 0
0 2
1 2
2 20
history 65844081, better? 1
model id 0
0 2
1 1
2 8
history 5691d8a3, better? 1
model id 0
0 4
1 7
2 57
history 40011021, better? 1
model id 0
0 1
1 1
2 15
history 1002012, better? 1
model id 0
0 12
1 4
2 7
history 69efd, better? 1
model id 0
0 0
1 0
2 0
history b1811ac9, better? 1
model id 0
0 0
1 3
2 1
history 16eda80, better? 1
model id 0
0 0
1 0
2 0
history d852230f, better? 1
model id 0
0 4
1 1
2 5
history c224a, better? 1
model id 0
0 4
1 0
2 2
history 6cc54, better? 1
model id 0
0 8
1 20
2 47
history 84280212, better? 1
model id 0
0 2
1 0
2 3
history 2dfec90, better? 1
model id 0
0 7
1 8
2 23
history 502a5001, better? 1
model id 0
0 0
1 0
2 0
history bf573001, better? 1
model id 0
0 3
1 8
2 48
history 420101, better? 1
model id 0
0 17
1 3
2 4
history 242bb604, better? 1
model id 0
0 0
1 0
2 0
history 13ffb804, better? 1
model id 0
0 13
1 14
2 22
history 10900079, better? 1
model id 0
0 7
1 12
2 33
history 37e0, better? 1
model id 0
0 37
1 29
2 16
history 40428011, better? 1
model id 0
0 3
1 0
2 4
history 2da400f0, better? 1
model id 0
0 13
1 18
2 28
history 50018, better? 1
model id 0
0 0
1 0
2 0
history c0027, better? 1
model id 0
0 0
1 0
2 0
history 4008245, better? 0
model id 0
0 0
1 0
2 0
history 2422102d, better? 1
model id 0
0 0
1 0
2 0
history 43005513, better? 1
model id 0
0 4
1 0
2 1
history 24e330a4, better? 1
model id 0
0 21
1 6
2 6
history 24101082, better? 1
model id 0
0 20
1 12
2 12
history 20a14122, better? 1
model id 0
0 2
1 2
2 18
history 20058, better? 1
model id 0
0 6
1 1
2 3
history 1004047, better? 1
model id 0
0 4
1 0
2 1
history 22080023, better? 1
model id 0
0 4
1 0
2 1
history 2, better? 1
model id 0
0 49
1 27
2 11
history 80002609, better? 1
model id 0
0 3
1 0
2 1
history 1085000a, better? 1
model id 0
0 0
1 0
2 0
history 4452eef, better? 1
model id 0
0 22
1 32
2 29
history eb0054c6, better? 1
model id 0
0 0
1 6
2 33
history 14014082, better? 1
model id 0
0 0
1 0
2 0
history b6710001, better? 1
